<?xml version="1.0" encoding="UTF-8" ?>
<testsuites>
<testsuite name="isPortFree" errors="0" tests="3" failures="0" time="0.104" timestamp="2017-02-17T12:01:43">
  <testcase classname="isPortFree" name="should be defined" time="0.032"></testcase>
  <testcase classname="isPortFree" name="should execute .then when port is free" time="0.035"></testcase>
  <testcase classname="isPortFree" name="should execute .catch when port is busy" time="0.034"></testcase>
</testsuite>
</testsuites>